<?xml version="1.0" encoding="UTF-8"?>
<!-- Generated by org.testng.reporters.JUnitReportReporter -->
<testsuite hostname="mty-rbqmm3ikh99" failures="0" tests="1" name="com.challenge.easy.binarysearch.KthMissingNumberTest" time="0.002" errors="0" timestamp="2024-09-11T12:41:24 PDT" skipped="0">
  <testcase classname="com.challenge.easy.binarysearch.KthMissingNumberTest" name="findKthPositiveTest" time="0.002"/>
</testsuite> <!-- com.challenge.easy.binarysearch.KthMissingNumberTest -->
