<?xml version="1.0" encoding="UTF-8"?>
<!-- Generated by org.testng.reporters.JUnitReportReporter -->
<testsuite hostname="nty-h0z4etg3i9f" failures="0" tests="1" name="com.challenge.easy.matrix.FlippingImageTest" time="0.000" errors="0" timestamp="2024-09-24T10:53:46 CST" skipped="0">
  <testcase classname="com.challenge.easy.matrix.FlippingImageTest" name="flipAndInvertImageTest" time="0.000"/>
</testsuite> <!-- com.challenge.easy.matrix.FlippingImageTest -->
