<?xml version="1.0" encoding="UTF-8"?>
<!-- Generated by org.testng.reporters.JUnitReportReporter -->
<testsuite hostname="nty-h0z4etg3i9f" failures="0" tests="1" name="com.challenge.easy.hashtable.FirstUniqueCharTest" time="0.000" errors="0" timestamp="2024-09-23T17:09:11 CST" skipped="0">
  <testcase classname="com.challenge.easy.hashtable.FirstUniqueCharTest" name="firstUniqCharTest" time="0.000"/>
</testsuite> <!-- com.challenge.easy.hashtable.FirstUniqueCharTest -->
