<?xml version="1.0" encoding="UTF-8"?>
<!-- Generated by org.testng.reporters.JUnitReportReporter -->
<testsuite hostname="mty-rbqmm3ikh99" failures="0" tests="1" name="com.challenge.easy.hashtable.FirstUniqueCharTest" time="0.001" errors="0" timestamp="2024-09-11T12:41:24 PDT" skipped="0">
  <testcase classname="com.challenge.easy.hashtable.FirstUniqueCharTest" name="firstUniqCharTest" time="0.001"/>
</testsuite> <!-- com.challenge.easy.hashtable.FirstUniqueCharTest -->
