<?xml version="1.0" encoding="UTF-8"?>
<!-- Generated by org.testng.reporters.JUnitReportReporter -->
<testsuite hostname="nty-h0z4etg3i9f" failures="0" tests="1" name="com.challenge.easy.string.ReverseWordsInStringIIITest" time="0.005" errors="0" timestamp="2024-09-24T12:26:45 CST" skipped="0">
  <testcase classname="com.challenge.easy.string.ReverseWordsInStringIIITest" name="reverseWordsTest" time="0.005"/>
</testsuite> <!-- com.challenge.easy.string.ReverseWordsInStringIIITest -->
