<?xml version="1.0" encoding="UTF-8"?>
<!-- Generated by org.testng.reporters.JUnitReportReporter -->
<testsuite hostname="nty-h0z4etg3i9f" failures="0" tests="1" name="com.challenge.easy.arrays.FindWordsContainingCharacterTest" time="0.000" errors="0" timestamp="2024-09-24T12:26:45 CST" skipped="0">
  <testcase classname="com.challenge.easy.arrays.FindWordsContainingCharacterTest" name="numIdenticalPairsTest" time="0.000"/>
</testsuite> <!-- com.challenge.easy.arrays.FindWordsContainingCharacterTest -->
