<?xml version="1.0" encoding="UTF-8"?>
<!-- Generated by org.testng.reporters.JUnitReportReporter -->
<testsuite hostname="nty-h0z4etg3i9f" failures="0" tests="3" name="com.challenge.easy.dfs.TreeInorderTraversalTest" time="0.000" errors="0" timestamp="2024-09-24T09:37:25 CST" skipped="0">
  <testcase classname="com.challenge.easy.dfs.TreeInorderTraversalTest" name="inorderTraversalTest1" time="0.000"/>
  <testcase classname="com.challenge.easy.dfs.TreeInorderTraversalTest" name="inorderTraversalTest2" time="0.000"/>
  <testcase classname="com.challenge.easy.dfs.TreeInorderTraversalTest" name="inorderTraversalTest3" time="0.000"/>
</testsuite> <!-- com.challenge.easy.dfs.TreeInorderTraversalTest -->
